0 info it worked if it ends with ok
1 verbose cli [ '/usr/local/bin/node',
1 verbose cli   '/usr/local/bin/npm',
1 verbose cli   'install',
1 verbose cli   '-g',
1 verbose cli   'node-inspector' ]
2 info using npm@1.3.11
3 info using node@v0.10.19
4 verbose cache add [ 'node-inspector', null ]
5 verbose cache add name=undefined spec="node-inspector" args=["node-inspector",null]
6 verbose parsed url { protocol: null,
6 verbose parsed url   slashes: null,
6 verbose parsed url   auth: null,
6 verbose parsed url   host: null,
6 verbose parsed url   port: null,
6 verbose parsed url   hostname: null,
6 verbose parsed url   hash: null,
6 verbose parsed url   search: null,
6 verbose parsed url   query: null,
6 verbose parsed url   pathname: 'node-inspector',
6 verbose parsed url   path: 'node-inspector',
6 verbose parsed url   href: 'node-inspector' }
7 silly lockFile 4198ef9e-node-inspector node-inspector
8 verbose lock node-inspector /home/ligolas/.npm/4198ef9e-node-inspector.lock
9 silly lockFile 4198ef9e-node-inspector node-inspector
10 silly lockFile 4198ef9e-node-inspector node-inspector
11 verbose addNamed [ 'node-inspector', '' ]
12 verbose addNamed [ null, '*' ]
13 silly lockFile e68b88da-node-inspector node-inspector@
14 verbose lock node-inspector@ /home/ligolas/.npm/e68b88da-node-inspector.lock
15 silly addNameRange { name: 'node-inspector', range: '*', hasData: false }
16 verbose url raw node-inspector
17 verbose url resolving [ 'https://registry.npmjs.org/', './node-inspector' ]
18 verbose url resolved https://registry.npmjs.org/node-inspector
19 info trying registry request attempt 1 at 14:57:41
20 http GET https://registry.npmjs.org/node-inspector
21 http 200 https://registry.npmjs.org/node-inspector
22 silly registry.get cb [ 200,
22 silly registry.get   { vary: 'Accept',
22 silly registry.get     server: 'CouchDB/1.3.1 (Erlang OTP/R15B03)',
22 silly registry.get     etag: '"6O79TLDF4Q6MCXDGJHJGDITOA"',
22 silly registry.get     date: 'Mon, 21 Oct 2013 06:58:02 GMT',
22 silly registry.get     'content-type': 'application/json',
22 silly registry.get     'content-length': '93953' } ]
23 silly addNameRange number 2 { name: 'node-inspector', range: '*', hasData: true }
24 silly addNameRange versions [ 'node-inspector',
24 silly addNameRange   [ '0.0.1',
24 silly addNameRange     '0.0.2',
24 silly addNameRange     '0.0.3',
24 silly addNameRange     '0.0.4',
24 silly addNameRange     '0.1.0',
24 silly addNameRange     '0.1.1',
24 silly addNameRange     '0.1.2',
24 silly addNameRange     '0.1.3',
24 silly addNameRange     '0.1.4',
24 silly addNameRange     '0.1.5',
24 silly addNameRange     '0.1.6',
24 silly addNameRange     '0.1.7',
24 silly addNameRange     '0.1.8',
24 silly addNameRange     '0.1.9',
24 silly addNameRange     '0.1.10',
24 silly addNameRange     '0.3.0',
24 silly addNameRange     '0.3.1',
24 silly addNameRange     '0.3.2',
24 silly addNameRange     '0.3.3',
24 silly addNameRange     '0.3.4',
24 silly addNameRange     '0.4.0',
24 silly addNameRange     '0.5.0',
24 silly addNameRange     '0.2.0-beta1',
24 silly addNameRange     '0.2.0-beta2',
24 silly addNameRange     '0.2.0-beta3',
24 silly addNameRange     '0.2.0-beta4',
24 silly addNameRange     '0.3.0-preview1' ] ]
25 verbose addNamed [ 'node-inspector', '0.5.0' ]
26 verbose addNamed [ '0.5.0', '0.5.0' ]
27 silly lockFile 92df52c1-node-inspector-0-5-0 node-inspector@0.5.0
28 verbose lock node-inspector@0.5.0 /home/ligolas/.npm/92df52c1-node-inspector-0-5-0.lock
29 silly lockFile 6b771466-spector-node-inspector-0-5-0-tgz https://registry.npmjs.org/node-inspector/-/node-inspector-0.5.0.tgz
30 verbose lock https://registry.npmjs.org/node-inspector/-/node-inspector-0.5.0.tgz /home/ligolas/.npm/6b771466-spector-node-inspector-0-5-0-tgz.lock
31 verbose addRemoteTarball [ 'https://registry.npmjs.org/node-inspector/-/node-inspector-0.5.0.tgz',
31 verbose addRemoteTarball   '3104821cb4d6436212331ef3f3539943fd370603' ]
32 info retry fetch attempt 1 at 14:58:03
33 verbose fetch to= /home/ligolas/tmp/npm-4006-hS0mf55b/1382338683167-0.9808399167377502/tmp.tgz
34 http GET https://registry.npmjs.org/node-inspector/-/node-inspector-0.5.0.tgz
35 http 200 https://registry.npmjs.org/node-inspector/-/node-inspector-0.5.0.tgz
36 verbose tar unpack /home/ligolas/tmp/npm-4006-hS0mf55b/1382338683167-0.9808399167377502/tmp.tgz
37 silly lockFile 890d5e9c-83167-0-9808399167377502-package tar:///home/ligolas/tmp/npm-4006-hS0mf55b/1382338683167-0.9808399167377502/package
38 verbose lock tar:///home/ligolas/tmp/npm-4006-hS0mf55b/1382338683167-0.9808399167377502/package /home/ligolas/.npm/890d5e9c-83167-0-9808399167377502-package.lock
39 silly lockFile 071e2317-83167-0-9808399167377502-tmp-tgz tar:///home/ligolas/tmp/npm-4006-hS0mf55b/1382338683167-0.9808399167377502/tmp.tgz
40 verbose lock tar:///home/ligolas/tmp/npm-4006-hS0mf55b/1382338683167-0.9808399167377502/tmp.tgz /home/ligolas/.npm/071e2317-83167-0-9808399167377502-tmp-tgz.lock
41 silly gunzTarPerm modes [ '755', '644' ]
42 silly gunzTarPerm extractEntry package.json
43 silly gunzTarPerm extractEntry LICENSE
44 silly gunzTarPerm extractEntry index.js
45 silly gunzTarPerm extractEntry docs/embedding.md
46 silly gunzTarPerm extractEntry MAINTAINERS.md
47 silly gunzTarPerm extractEntry bin/inspector.js
48 silly gunzTarPerm extractEntry config.json
49 silly gunzTarPerm extractEntry AUTHORS
50 silly gunzTarPerm extractEntry front-end/AdvancedSearchController.js
51 silly gunzTarPerm extractEntry front-end/Linkifier.js
52 silly gunzTarPerm extractEntry front-end/LiveEditSupport.js
53 silly gunzTarPerm extractEntry front-end/MemoryStatistics.js
54 silly gunzTarPerm extractEntry front-end/MetricsSidebarPane.js
55 silly gunzTarPerm extractEntry front-end/LayersPanelDescriptor.js
56 silly gunzTarPerm extractEntry front-end/NavigatorOverlayController.js
57 silly gunzTarPerm extractEntry front-end/NavigatorView.js
58 silly gunzTarPerm extractEntry front-end/NetworkItemView.js
59 silly gunzTarPerm extractEntry front-end/NetworkLog.js
60 silly gunzTarPerm extractEntry front-end/NetworkManager.js
61 silly gunzTarPerm extractEntry front-end/LayersPanel.js
62 silly gunzTarPerm extractEntry front-end/NetworkPanel.js
63 silly gunzTarPerm extractEntry front-end/Layers3DView.js
64 silly gunzTarPerm extractEntry front-end/NetworkPanelDescriptor.js
65 silly gunzTarPerm extractEntry front-end/LayerTreeModel.js
66 silly gunzTarPerm extractEntry front-end/NetworkRequest.js
67 silly gunzTarPerm extractEntry front-end/LayerTree.js
68 silly gunzTarPerm extractEntry front-end/NetworkUISourceCodeProvider.js
69 silly gunzTarPerm extractEntry front-end/LayerDetailsView.js
70 silly gunzTarPerm extractEntry front-end/jsdifflib.js
71 silly gunzTarPerm extractEntry front-end/KeyboardShortcut.js
72 silly gunzTarPerm extractEntry front-end/Object.js
73 silly gunzTarPerm extractEntry front-end/JavaScriptSourceFrame.js
74 silly gunzTarPerm extractEntry front-end/ObjectPopoverHelper.js
75 silly gunzTarPerm extractEntry front-end/JavaScriptFormatter.js
76 silly gunzTarPerm extractEntry front-end/ObjectPropertiesSection.js
77 silly gunzTarPerm extractEntry front-end/JSHeapSnapshot.js
78 silly gunzTarPerm extractEntry front-end/OverridesSupport.js
79 silly gunzTarPerm extractEntry front-end/IsolatedFileSystemManager.js
80 silly gunzTarPerm extractEntry front-end/OverridesView.js
81 silly gunzTarPerm extractEntry front-end/IsolatedFileSystem.js
82 silly gunzTarPerm extractEntry front-end/OverviewGrid.js
83 silly gunzTarPerm extractEntry front-end/InspectorView.js
84 silly gunzTarPerm extractEntry front-end/Panel.js
85 silly gunzTarPerm extractEntry front-end/InspectorFrontendHostStub.js
86 silly gunzTarPerm extractEntry front-end/ParsedURL.js
87 silly gunzTarPerm extractEntry front-end/InspectorFrontendAPI.js
88 silly gunzTarPerm extractEntry front-end/Placard.js
89 silly gunzTarPerm extractEntry front-end/InspectorBackendCommands.js
90 silly gunzTarPerm extractEntry front-end/ApplicationCacheItemsView.js
91 silly gunzTarPerm extractEntry front-end/InspectorBackend.js
92 silly gunzTarPerm extractEntry front-end/Popover.js
93 silly gunzTarPerm extractEntry front-end/InspectElementModeController.js
94 silly gunzTarPerm extractEntry front-end/PresentationConsoleMessageHelper.js
95 silly gunzTarPerm extractEntry front-end/IndexedDBViews.js
96 silly gunzTarPerm extractEntry front-end/ProfileDataGridTree.js
97 silly gunzTarPerm extractEntry front-end/IndexedDBModel.js
98 silly gunzTarPerm extractEntry front-end/ProfileLauncherView.js
99 silly gunzTarPerm extractEntry front-end/treeoutline.js
100 silly gunzTarPerm extractEntry front-end/ProfilesPanel.js
101 silly gunzTarPerm extractEntry front-end/ImageView.js
102 silly gunzTarPerm extractEntry front-end/ProfilesPanelDescriptor.js
103 silly gunzTarPerm extractEntry front-end/HelpScreen.js
104 silly gunzTarPerm extractEntry front-end/Progress.js
105 silly gunzTarPerm extractEntry front-end/HeapSnapshotWorkerDispatcher.js
106 silly gunzTarPerm extractEntry front-end/ProgressIndicator.js
107 silly gunzTarPerm extractEntry front-end/HeapSnapshotWorker.js
108 silly gunzTarPerm extractEntry front-end/PropertiesSection.js
109 silly gunzTarPerm extractEntry front-end/HeapSnapshotView.js
110 silly gunzTarPerm extractEntry front-end/PropertiesSidebarPane.js
111 silly gunzTarPerm extractEntry front-end/HeapSnapshotProxy.js
112 silly gunzTarPerm extractEntry front-end/RawSourceCode.js
113 silly gunzTarPerm extractEntry front-end/HeapSnapshotLoader.js
114 silly gunzTarPerm extractEntry front-end/RemoteObject.js
115 silly gunzTarPerm extractEntry front-end/HeapSnapshotGridNodes.js
116 silly gunzTarPerm extractEntry front-end/RequestCookiesView.js
117 silly gunzTarPerm extractEntry front-end/HeapSnapshotDataGrids.js
118 silly gunzTarPerm extractEntry front-end/RequestHTMLView.js
119 silly gunzTarPerm extractEntry front-end/HeapSnapshot.js
120 silly gunzTarPerm extractEntry front-end/RequestHeadersView.js
121 silly gunzTarPerm extractEntry front-end/HandlerRegistry.js
122 silly gunzTarPerm extractEntry front-end/RequestJSONView.js
123 silly gunzTarPerm extractEntry front-end/HAREntry.js
124 silly gunzTarPerm extractEntry front-end/RequestPreviewView.js
125 silly gunzTarPerm extractEntry front-end/GoToLineDialog.js
126 silly gunzTarPerm extractEntry front-end/RequestResponseView.js
127 silly gunzTarPerm extractEntry front-end/FontView.js
128 silly gunzTarPerm extractEntry front-end/RequestTimingView.js
129 silly gunzTarPerm extractEntry front-end/FlameChart.js
130 silly gunzTarPerm extractEntry front-end/RequestView.js
131 silly gunzTarPerm extractEntry front-end/FilteredItemSelectionDialog.js
132 silly gunzTarPerm extractEntry front-end/Resource.js
133 silly gunzTarPerm extractEntry front-end/FileUtils.js
134 silly gunzTarPerm extractEntry front-end/ResourceScriptMapping.js
135 silly gunzTarPerm extractEntry front-end/FileSystemView.js
136 silly gunzTarPerm extractEntry front-end/ResourceTreeModel.js
137 silly gunzTarPerm extractEntry front-end/FileSystemProjectDelegate.js
138 silly gunzTarPerm extractEntry front-end/ResourceType.js
139 silly gunzTarPerm extractEntry front-end/FileSystemModel.js
140 silly gunzTarPerm extractEntry front-end/ResourceUtils.js
141 silly gunzTarPerm extractEntry front-end/FileSystemMapping.js
142 silly gunzTarPerm extractEntry front-end/ResourceView.js
143 silly gunzTarPerm extractEntry front-end/FilePathScoreFunction.js
144 silly gunzTarPerm extractEntry front-end/ResourceWebSocketFrameView.js
145 silly gunzTarPerm extractEntry front-end/FileManager.js
146 silly gunzTarPerm extractEntry front-end/ResourcesPanel.js
147 silly gunzTarPerm extractEntry front-end/FileContentView.js
148 silly gunzTarPerm extractEntry front-end/RevisionHistoryView.js
149 silly gunzTarPerm extractEntry front-end/ExtensionView.js
150 silly gunzTarPerm extractEntry front-end/RuntimeModel.js
151 silly gunzTarPerm extractEntry front-end/ExtensionServer.js
152 silly gunzTarPerm extractEntry front-end/SASSSourceMapping.js
153 silly gunzTarPerm extractEntry front-end/ExtensionRegistryStub.js
154 silly gunzTarPerm extractEntry front-end/ScopeChainSidebarPane.js
155 silly gunzTarPerm extractEntry front-end/ExtensionPanel.js
156 silly gunzTarPerm extractEntry front-end/ScreencastView.js
157 silly gunzTarPerm extractEntry front-end/ExtensionAuditCategory.js
158 silly gunzTarPerm extractEntry front-end/Script.js
159 silly gunzTarPerm extractEntry front-end/ExtensionAPI.js
160 silly gunzTarPerm extractEntry front-end/ScriptFormatter.js
161 silly gunzTarPerm extractEntry front-end/EventListenersSidebarPane.js
162 silly gunzTarPerm extractEntry front-end/ScriptFormatterWorker.js
163 silly gunzTarPerm extractEntry front-end/EmptyView.js
164 silly gunzTarPerm extractEntry front-end/ScriptSnippetModel.js
165 silly gunzTarPerm extractEntry front-end/ElementsTreeOutline.js
166 silly gunzTarPerm extractEntry front-end/ScriptsNavigator.js
167 silly gunzTarPerm extractEntry front-end/ElementsPanelDescriptor.js
168 silly gunzTarPerm extractEntry front-end/ScriptsPanel.js
169 silly gunzTarPerm extractEntry front-end/ElementsPanel.js
170 silly gunzTarPerm extractEntry front-end/ScriptsPanelDescriptor.js
171 silly gunzTarPerm extractEntry front-end/EditFileSystemDialog.js
172 silly gunzTarPerm extractEntry front-end/ScriptsSearchScope.js
173 silly gunzTarPerm extractEntry front-end/Drawer.js
174 silly gunzTarPerm extractEntry front-end/SearchController.js
175 silly gunzTarPerm extractEntry front-end/DockController.js
176 silly gunzTarPerm extractEntry front-end/Section.js
177 silly gunzTarPerm extractEntry front-end/DirectoryContentView.js
178 silly gunzTarPerm extractEntry front-end/Settings.js
179 silly gunzTarPerm extractEntry front-end/Dialog.js
180 silly gunzTarPerm extractEntry front-end/SettingsScreen.js
181 silly gunzTarPerm extractEntry front-end/DevToolsExtensionAPI.js
182 silly gunzTarPerm extractEntry front-end/ShortcutsScreen.js
183 silly gunzTarPerm extractEntry front-end/DefaultScriptMapping.js
184 silly gunzTarPerm extractEntry front-end/ShowMoreDataGridNode.js
185 silly gunzTarPerm extractEntry front-end/DebuggerScriptMapping.js
186 silly gunzTarPerm extractEntry front-end/SidebarOverlay.js
187 silly gunzTarPerm extractEntry front-end/DebuggerModel.js
188 silly gunzTarPerm extractEntry front-end/SidebarPane.js
189 silly gunzTarPerm extractEntry front-end/DatabaseTableView.js
190 silly gunzTarPerm extractEntry front-end/SidebarTreeElement.js
191 silly gunzTarPerm extractEntry front-end/DatabaseQueryView.js
192 silly gunzTarPerm extractEntry front-end/SidebarView.js
193 silly gunzTarPerm extractEntry front-end/Database.js
194 silly gunzTarPerm extractEntry front-end/SimpleWorkspaceProvider.js
195 silly gunzTarPerm extractEntry front-end/DataGrid.js
196 silly gunzTarPerm extractEntry front-end/SnippetStorage.js
197 silly gunzTarPerm extractEntry front-end/DOMSyntaxHighlighter.js
198 silly gunzTarPerm extractEntry front-end/SoftContextMenu.js
199 silly gunzTarPerm extractEntry front-end/DOMStorageItemsView.js
200 silly gunzTarPerm extractEntry front-end/SourceFrame.js
201 silly gunzTarPerm extractEntry front-end/DOMStorage.js
202 silly gunzTarPerm extractEntry front-end/SourceMap.js
203 silly gunzTarPerm extractEntry front-end/DOMPresentationUtils.js
204 silly gunzTarPerm extractEntry front-end/SourceMapping.js
205 silly gunzTarPerm extractEntry front-end/DOMExtension.js
206 silly gunzTarPerm extractEntry front-end/Spectrum.js
207 silly gunzTarPerm extractEntry front-end/DOMCountersGraph.js
208 silly gunzTarPerm extractEntry front-end/SplitView.js
209 silly gunzTarPerm extractEntry front-end/DOMBreakpointsSidebarPane.js
210 silly gunzTarPerm extractEntry front-end/StatusBarButton.js
211 silly gunzTarPerm extractEntry front-end/DOMAgent.js
212 silly gunzTarPerm extractEntry front-end/StyleSheetOutlineDialog.js
213 silly gunzTarPerm extractEntry front-end/CookiesTable.js
214 silly gunzTarPerm extractEntry front-end/StylesSidebarPane.js
215 silly gunzTarPerm extractEntry front-end/CookieParser.js
216 silly gunzTarPerm extractEntry front-end/StylesSourceMapping.js
217 silly gunzTarPerm extractEntry front-end/CookieItemsView.js
218 silly gunzTarPerm extractEntry front-end/SuggestBox.js
219 silly gunzTarPerm extractEntry front-end/ContextMenu.js
220 silly gunzTarPerm extractEntry front-end/TabbedEditorContainer.js
221 silly gunzTarPerm extractEntry front-end/ContentProviders.js
222 silly gunzTarPerm extractEntry front-end/TabbedPane.js
223 silly gunzTarPerm extractEntry front-end/ContentProviderBasedProjectDelegate.js
224 silly gunzTarPerm extractEntry front-end/TestController.js
225 silly gunzTarPerm extractEntry front-end/ContentProvider.js
226 silly gunzTarPerm extractEntry front-end/Tests.js
227 silly gunzTarPerm extractEntry front-end/ConsoleView.js
228 silly gunzTarPerm extractEntry front-end/TextEditor.js
229 silly gunzTarPerm extractEntry front-end/ConsolePanel.js
230 silly gunzTarPerm extractEntry front-end/TextPrompt.js
231 silly gunzTarPerm extractEntry front-end/ConsoleModel.js
232 silly gunzTarPerm extractEntry front-end/TextRange.js
233 silly gunzTarPerm extractEntry front-end/ConsoleMessage.js
234 silly gunzTarPerm extractEntry front-end/TextUtils.js
235 silly gunzTarPerm extractEntry front-end/CompletionDictionary.js
236 silly gunzTarPerm extractEntry front-end/TimelineFrameController.js
237 silly gunzTarPerm extractEntry front-end/CompilerScriptMapping.js
238 silly gunzTarPerm extractEntry front-end/TimelineGrid.js
239 silly gunzTarPerm extractEntry front-end/Color.js
240 silly gunzTarPerm extractEntry front-end/TimelineManager.js
241 silly gunzTarPerm extractEntry front-end/CodeMirrorUtils.js
242 silly gunzTarPerm extractEntry front-end/TimelineModel.js
243 silly gunzTarPerm extractEntry front-end/CodeMirrorTextEditor.js
244 silly gunzTarPerm extractEntry front-end/TimelineOverviewPane.js
245 silly gunzTarPerm extractEntry front-end/Checkbox.js
246 silly gunzTarPerm extractEntry front-end/TimelinePanel.js
247 silly gunzTarPerm extractEntry front-end/CanvasReplayStateView.js
248 silly gunzTarPerm extractEntry front-end/TimelinePanelDescriptor.js
249 silly gunzTarPerm extractEntry front-end/CanvasProfileView.js
250 silly gunzTarPerm extractEntry front-end/TimelinePresentationModel.js
251 silly gunzTarPerm extractEntry front-end/CallStackSidebarPane.js
252 silly gunzTarPerm extractEntry front-end/Toolbar.js
253 silly gunzTarPerm extractEntry front-end/CSSStyleSheetMapping.js
254 silly gunzTarPerm extractEntry front-end/TopDownProfileDataGridTree.js
255 silly gunzTarPerm extractEntry front-end/CSSStyleModel.js
256 silly gunzTarPerm extractEntry front-end/TracingAgent.js
257 silly gunzTarPerm extractEntry front-end/CSSNamedFlowView.js
258 silly gunzTarPerm extractEntry front-end/UISourceCode.js
259 silly gunzTarPerm extractEntry front-end/CSSNamedFlowCollectionsView.js
260 silly gunzTarPerm extractEntry front-end/UISourceCodeFrame.js
261 silly gunzTarPerm extractEntry front-end/CSSMetadata.js
262 silly gunzTarPerm extractEntry front-end/UIString.js
263 silly gunzTarPerm extractEntry front-end/CPUProfileView.js
264 silly gunzTarPerm extractEntry front-end/UIUtils.js
265 silly gunzTarPerm extractEntry front-end/BreakpointsSidebarPane.js
266 silly gunzTarPerm extractEntry front-end/inspector.js
267 silly gunzTarPerm extractEntry front-end/BreakpointManager.js
268 silly gunzTarPerm extractEntry front-end/UserMetrics.js
269 silly gunzTarPerm extractEntry front-end/BottomUpProfileDataGridTree.js
270 silly gunzTarPerm extractEntry front-end/View.js
271 silly gunzTarPerm extractEntry front-end/AuditsPanel.js
272 silly gunzTarPerm extractEntry front-end/ViewportControl.js
273 silly gunzTarPerm extractEntry front-end/AuditRules.js
274 silly gunzTarPerm extractEntry front-end/WatchExpressionsSidebarPane.js
275 silly gunzTarPerm extractEntry front-end/AuditResultView.js
276 silly gunzTarPerm extractEntry front-end/WorkerManager.js
277 silly gunzTarPerm extractEntry front-end/AuditLauncherView.js
278 silly gunzTarPerm extractEntry front-end/WorkersSidebarPane.js
279 silly gunzTarPerm extractEntry front-end/AuditFormatters.js
280 silly gunzTarPerm extractEntry front-end/Workspace.js
281 silly gunzTarPerm extractEntry front-end/AuditController.js
282 silly gunzTarPerm extractEntry front-end/WorkspaceController.js
283 silly gunzTarPerm extractEntry front-end/AuditCategories.js
284 silly gunzTarPerm extractEntry front-end/externs.js
285 silly gunzTarPerm extractEntry front-end/ApplicationCacheModel.js
286 silly gunzTarPerm extractEntry front-end/buildSystemOnly.js
287 silly gunzTarPerm extractEntry front-end/NativeBreakpointsSidebarPane.js
288 silly gunzTarPerm extractEntry front-end/utilities.js
289 silly gunzTarPerm extractEntry front-end/PlatformFontsSidebarPane.js
290 silly gunzTarPerm extractEntry front-end/breakpointsList.css
291 silly gunzTarPerm extractEntry front-end/canvasProfiler.css
292 silly gunzTarPerm extractEntry front-end/cm/LICENSE
293 silly gunzTarPerm extractEntry front-end/cm/python.js
294 silly gunzTarPerm extractEntry front-end/cm/codemirror.js
295 silly gunzTarPerm extractEntry front-end/cm/coffeescript.js
296 silly gunzTarPerm extractEntry front-end/cm/comment.js
297 silly gunzTarPerm extractEntry front-end/cm/shell.js
298 silly gunzTarPerm extractEntry front-end/cm/php.js
299 silly gunzTarPerm extractEntry front-end/cm/htmlembedded.js
300 silly gunzTarPerm extractEntry front-end/cm/htmlmixed.js
301 silly gunzTarPerm extractEntry front-end/cm/javascript.js
302 silly gunzTarPerm extractEntry front-end/cm/markselection.js
303 silly gunzTarPerm extractEntry front-end/cm/closebrackets.js
304 silly gunzTarPerm extractEntry front-end/cm/matchbrackets.js
305 silly gunzTarPerm extractEntry front-end/cm/clike.js
306 silly gunzTarPerm extractEntry front-end/cm/overlay.js
307 silly gunzTarPerm extractEntry front-end/cm/css.js
308 silly gunzTarPerm extractEntry front-end/cm/xml.js
309 silly gunzTarPerm extractEntry front-end/cm/headlesscodemirror.js
310 silly gunzTarPerm extractEntry front-end/cm/LICENSE_python
311 silly gunzTarPerm extractEntry front-end/cm/codemirror.css
312 silly gunzTarPerm extractEntry front-end/cm/cmdevtools.css
313 silly gunzTarPerm extractEntry front-end/cssNamedFlows.css
314 silly gunzTarPerm extractEntry front-end/dataGrid.css
315 silly gunzTarPerm extractEntry front-end/dialog.css
316 silly gunzTarPerm extractEntry front-end/elementsPanel.css
317 silly gunzTarPerm extractEntry front-end/auditsPanel.css
318 silly gunzTarPerm extractEntry front-end/filteredItemSelectionDialog.css
319 silly gunzTarPerm extractEntry front-end/flameChart.css
320 silly gunzTarPerm extractEntry front-end/heapProfiler.css
321 silly gunzTarPerm extractEntry front-end/helpScreen.css
322 silly gunzTarPerm extractEntry front-end/indexedDBViews.css
323 silly gunzTarPerm extractEntry front-end/inspector.css
324 silly gunzTarPerm extractEntry front-end/inspector.html
325 silly gunzTarPerm extractEntry front-end/UglifyJS/parse-js.js
326 silly gunzTarPerm extractEntry front-end/inspectorCommon.css
327 silly gunzTarPerm extractEntry front-end/inspectorSyntaxHighlight.css
328 silly gunzTarPerm extractEntry front-end/OWNERS
329 silly gunzTarPerm extractEntry front-end/breadcrumbList.css
330 silly gunzTarPerm extractEntry front-end/navigatorView.css
331 silly gunzTarPerm extractEntry front-end/networkLogView.css
332 silly gunzTarPerm extractEntry front-end/networkPanel.css
333 silly gunzTarPerm extractEntry front-end/panelEnablerView.css
334 silly gunzTarPerm extractEntry front-end/popover.css
335 silly gunzTarPerm extractEntry front-end/profilesPanel.css
336 silly gunzTarPerm extractEntry front-end/resourceView.css
337 silly gunzTarPerm extractEntry front-end/resourcesPanel.css
338 silly gunzTarPerm extractEntry front-end/revisionHistory.css
339 silly gunzTarPerm extractEntry front-end/screencastView.css
340 silly gunzTarPerm extractEntry front-end/scriptsPanel.css
341 silly gunzTarPerm extractEntry front-end/sidebarPane.css
342 silly gunzTarPerm extractEntry front-end/spectrum.css
343 silly gunzTarPerm extractEntry front-end/splitView.css
344 silly gunzTarPerm extractEntry front-end/tabbedPane.css
345 silly gunzTarPerm extractEntry front-end/test-runner.html
346 silly gunzTarPerm extractEntry front-end/textPrompt.css
347 silly gunzTarPerm extractEntry front-end/timelinePanel.css
348 silly gunzTarPerm extractEntry front-end/Images/resourcePlainIcon.png
349 silly gunzTarPerm extractEntry front-end/Images/addIcon.png
350 silly gunzTarPerm extractEntry front-end/Images/back.png
351 silly gunzTarPerm extractEntry front-end/Images/breakpoint2.png
352 silly gunzTarPerm extractEntry front-end/Images/breakpoint2_2x.png
353 silly gunzTarPerm extractEntry front-end/Images/breakpointBorder.png
354 silly gunzTarPerm extractEntry front-end/Images/breakpointConditional2.png
355 silly gunzTarPerm extractEntry front-end/Images/breakpointConditional2_2x.png
356 silly gunzTarPerm extractEntry front-end/Images/breakpointConditionalBorder.png
357 silly gunzTarPerm extractEntry front-end/Images/breakpointConditionalCounterBorder.png
358 silly gunzTarPerm extractEntry front-end/Images/breakpointCounterBorder.png
359 silly gunzTarPerm extractEntry front-end/Images/checker.png
360 silly gunzTarPerm extractEntry front-end/Images/cookie.png
361 silly gunzTarPerm extractEntry front-end/Images/database.png
362 silly gunzTarPerm extractEntry front-end/Images/databaseTable.png
363 silly gunzTarPerm extractEntry front-end/Images/deleteIcon.png
364 silly gunzTarPerm extractEntry front-end/Images/domain.png
365 silly gunzTarPerm extractEntry front-end/Images/fileSystem.png
366 silly gunzTarPerm extractEntry front-end/Images/forward.png
367 silly gunzTarPerm extractEntry front-end/Images/frame.png
368 silly gunzTarPerm extractEntry front-end/Images/glossyHeader.png
369 silly gunzTarPerm extractEntry front-end/Images/glossyHeaderPressed.png
370 silly gunzTarPerm extractEntry front-end/Images/glossyHeaderSelected.png
371 silly gunzTarPerm extractEntry front-end/Images/glossyHeaderSelectedPressed.png
372 silly gunzTarPerm extractEntry front-end/Images/graphLabelCalloutLeft.png
373 silly gunzTarPerm extractEntry front-end/Images/graphLabelCalloutRight.png
374 silly gunzTarPerm extractEntry front-end/Images/indexedDB.png
375 silly gunzTarPerm extractEntry front-end/Images/indexedDBIndex.png
376 silly gunzTarPerm extractEntry front-end/Images/indexedDBObjectStore.png
377 silly gunzTarPerm extractEntry front-end/Images/localStorage.png
378 silly gunzTarPerm extractEntry front-end/Images/namedFlowOverflow.png
379 silly gunzTarPerm extractEntry front-end/Images/paneAddButtons.png
380 silly gunzTarPerm extractEntry front-end/Images/paneElementStateButtons.png
381 silly gunzTarPerm extractEntry front-end/Images/paneFilterButtons.png
382 silly gunzTarPerm extractEntry front-end/Images/paneRefreshButtons.png
383 silly gunzTarPerm extractEntry front-end/Images/paneSettingsButtons.png
384 silly gunzTarPerm extractEntry front-end/Images/popoverArrows.png
385 silly gunzTarPerm extractEntry front-end/Images/popoverBackground.png
386 silly gunzTarPerm extractEntry front-end/Images/profileGroupIcon.png
387 silly gunzTarPerm extractEntry front-end/Images/profileIcon.png
388 silly gunzTarPerm extractEntry front-end/Images/profileSmallIcon.png
389 silly gunzTarPerm extractEntry front-end/Images/programCounterBorder.png
390 silly gunzTarPerm extractEntry front-end/Images/radioDot.png
391 silly gunzTarPerm extractEntry front-end/Images/regionEmpty.png
392 silly gunzTarPerm extractEntry front-end/Images/regionFit.png
393 silly gunzTarPerm extractEntry front-end/Images/regionOverset.png
394 silly gunzTarPerm extractEntry front-end/Images/resourceCSSIcon.png
395 silly gunzTarPerm extractEntry front-end/Images/resourceDocumentIcon.png
396 silly gunzTarPerm extractEntry front-end/Images/resourceDocumentIconSmall.png
397 silly gunzTarPerm extractEntry front-end/Images/resourceJSIcon.png
398 silly gunzTarPerm extractEntry front-end/Images/applicationCache.png
399 silly gunzTarPerm extractEntry front-end/Images/resourcePlainIconSmall.png
400 silly gunzTarPerm extractEntry front-end/Images/resourcesTimeGraphIcon.png
401 silly gunzTarPerm extractEntry front-end/Images/searchNext.png
402 silly gunzTarPerm extractEntry front-end/Images/searchPrev.png
403 silly gunzTarPerm extractEntry front-end/Images/searchSmallBlue.png
404 silly gunzTarPerm extractEntry front-end/Images/searchSmallBrightBlue.png
405 silly gunzTarPerm extractEntry front-end/Images/searchSmallGray.png
406 silly gunzTarPerm extractEntry front-end/Images/searchSmallWhite.png
407 silly gunzTarPerm extractEntry front-end/Images/segment.png
408 silly gunzTarPerm extractEntry front-end/Images/segmentEnd.png
409 silly gunzTarPerm extractEntry front-end/Images/segmentHover.png
410 silly gunzTarPerm extractEntry front-end/Images/segmentHoverEnd.png
411 silly gunzTarPerm extractEntry front-end/Images/segmentSelected.png
412 silly gunzTarPerm extractEntry front-end/Images/segmentSelectedEnd.png
413 silly gunzTarPerm extractEntry front-end/Images/sessionStorage.png
414 silly gunzTarPerm extractEntry front-end/Images/settingsListRemove.png
415 silly gunzTarPerm extractEntry front-end/Images/settingsListRemove_2x.png
416 silly gunzTarPerm extractEntry front-end/Images/spinner.gif
417 silly gunzTarPerm extractEntry front-end/Images/spinnerActive.gif
418 silly gunzTarPerm extractEntry front-end/Images/spinnerActiveSelected.gif
419 silly gunzTarPerm extractEntry front-end/Images/spinnerInactive.gif
420 silly gunzTarPerm extractEntry front-end/Images/spinnerInactiveSelected.gif
421 silly gunzTarPerm extractEntry front-end/Images/src/breakpoints2.svg
422 silly gunzTarPerm extractEntry front-end/Images/src/settingListRemove.svg
423 silly gunzTarPerm extractEntry front-end/Images/src/statusbarButtonGlyphs.svg
424 silly gunzTarPerm extractEntry front-end/Images/statusbarButtonGlyphs.png
425 silly gunzTarPerm extractEntry front-end/Images/statusbarButtonGlyphs2x.png
426 silly gunzTarPerm extractEntry front-end/Images/statusbarResizerHorizontal.png
427 silly gunzTarPerm extractEntry front-end/Images/statusbarResizerVertical.png
428 silly gunzTarPerm extractEntry front-end/Images/thumbActiveHoriz.png
429 silly gunzTarPerm extractEntry front-end/Images/thumbActiveVert.png
430 silly gunzTarPerm extractEntry front-end/Images/thumbHoriz.png
431 silly gunzTarPerm extractEntry front-end/Images/thumbHoverHoriz.png
432 silly gunzTarPerm extractEntry front-end/Images/thumbHoverVert.png
433 silly gunzTarPerm extractEntry front-end/Images/thumbVert.png
434 silly gunzTarPerm extractEntry front-end/Images/timelineHollowPillBlue.png
435 silly gunzTarPerm extractEntry front-end/Images/timelineHollowPillGray.png
436 silly gunzTarPerm extractEntry front-end/Images/timelineHollowPillGreen.png
437 silly gunzTarPerm extractEntry front-end/Images/timelineHollowPillOrange.png
438 silly gunzTarPerm extractEntry front-end/Images/timelineHollowPillPurple.png
439 silly gunzTarPerm extractEntry front-end/Images/timelineHollowPillRed.png
440 silly gunzTarPerm extractEntry front-end/Images/timelineHollowPillYellow.png
441 silly gunzTarPerm extractEntry front-end/Images/timelinePillBlue.png
442 silly gunzTarPerm extractEntry front-end/Images/timelinePillGray.png
443 silly gunzTarPerm extractEntry front-end/Images/timelinePillGreen.png
444 silly gunzTarPerm extractEntry front-end/Images/timelinePillOrange.png
445 silly gunzTarPerm extractEntry front-end/Images/timelinePillPurple.png
446 silly gunzTarPerm extractEntry front-end/Images/timelinePillRed.png
447 silly gunzTarPerm extractEntry front-end/Images/timelinePillYellow.png
448 silly gunzTarPerm extractEntry front-end/Images/toolbarItemSelected.png
449 silly gunzTarPerm extractEntry front-end/Images/trackHoriz.png
450 silly gunzTarPerm extractEntry front-end/Images/trackVert.png
451 silly gunzTarPerm extractEntry front-end/layersPanel.css
452 silly gunzTarPerm extractEntry front-end-node/Overrides.js
453 silly gunzTarPerm extractEntry ChangeLog
454 silly gunzTarPerm extractEntry lib/BreakEventHandler.js
455 silly gunzTarPerm extractEntry lib/FrontendCommandHandler.js
456 silly gunzTarPerm extractEntry lib/NetworkAgent.js
457 silly gunzTarPerm extractEntry lib/PageAgent.js
458 silly gunzTarPerm extractEntry lib/FrontendClient.js
459 silly gunzTarPerm extractEntry lib/ScriptFileStorage.js
460 silly gunzTarPerm extractEntry lib/ScriptManager.js
461 silly gunzTarPerm extractEntry lib/callback.js
462 silly gunzTarPerm extractEntry lib/config.js
463 silly gunzTarPerm extractEntry lib/convert.js
464 silly gunzTarPerm extractEntry lib/DebuggerClient.js
465 silly gunzTarPerm extractEntry lib/debug-server.js
466 silly gunzTarPerm extractEntry lib/DebuggerAgent.js
467 silly gunzTarPerm extractEntry lib/debugger.js
468 silly gunzTarPerm extractEntry lib/CallFramesProvider.js
469 silly gunzTarPerm extractEntry lib/session.js
470 silly gunzTarPerm extractEntry lib/RuntimeAgent.js
471 silly gunzTarPerm extractEntry .travis.yml
472 silly gunzTarPerm extractEntry readme.md
473 silly lockFile 890d5e9c-83167-0-9808399167377502-package tar:///home/ligolas/tmp/npm-4006-hS0mf55b/1382338683167-0.9808399167377502/package
474 silly lockFile 890d5e9c-83167-0-9808399167377502-package tar:///home/ligolas/tmp/npm-4006-hS0mf55b/1382338683167-0.9808399167377502/package
475 silly lockFile 071e2317-83167-0-9808399167377502-tmp-tgz tar:///home/ligolas/tmp/npm-4006-hS0mf55b/1382338683167-0.9808399167377502/tmp.tgz
476 silly lockFile 071e2317-83167-0-9808399167377502-tmp-tgz tar:///home/ligolas/tmp/npm-4006-hS0mf55b/1382338683167-0.9808399167377502/tmp.tgz
477 verbose tar pack [ '/home/ligolas/.npm/node-inspector/0.5.0/package.tgz',
477 verbose tar pack   '/home/ligolas/tmp/npm-4006-hS0mf55b/1382338683167-0.9808399167377502/package' ]
478 verbose tarball /home/ligolas/.npm/node-inspector/0.5.0/package.tgz
479 verbose folder /home/ligolas/tmp/npm-4006-hS0mf55b/1382338683167-0.9808399167377502/package
480 silly lockFile 890d5e9c-83167-0-9808399167377502-package tar:///home/ligolas/tmp/npm-4006-hS0mf55b/1382338683167-0.9808399167377502/package
481 verbose lock tar:///home/ligolas/tmp/npm-4006-hS0mf55b/1382338683167-0.9808399167377502/package /home/ligolas/.npm/890d5e9c-83167-0-9808399167377502-package.lock
482 silly lockFile b3d189e0-node-inspector-0-5-0-package-tgz tar:///home/ligolas/.npm/node-inspector/0.5.0/package.tgz
483 verbose lock tar:///home/ligolas/.npm/node-inspector/0.5.0/package.tgz /home/ligolas/.npm/b3d189e0-node-inspector-0-5-0-package-tgz.lock
484 silly lockFile 890d5e9c-83167-0-9808399167377502-package tar:///home/ligolas/tmp/npm-4006-hS0mf55b/1382338683167-0.9808399167377502/package
485 silly lockFile 890d5e9c-83167-0-9808399167377502-package tar:///home/ligolas/tmp/npm-4006-hS0mf55b/1382338683167-0.9808399167377502/package
486 silly lockFile b3d189e0-node-inspector-0-5-0-package-tgz tar:///home/ligolas/.npm/node-inspector/0.5.0/package.tgz
487 silly lockFile b3d189e0-node-inspector-0-5-0-package-tgz tar:///home/ligolas/.npm/node-inspector/0.5.0/package.tgz
488 silly lockFile fd42ba9f-npm-node-inspector-0-5-0-package /home/ligolas/.npm/node-inspector/0.5.0/package
489 verbose lock /home/ligolas/.npm/node-inspector/0.5.0/package /home/ligolas/.npm/fd42ba9f-npm-node-inspector-0-5-0-package.lock
490 silly lockFile fd42ba9f-npm-node-inspector-0-5-0-package /home/ligolas/.npm/node-inspector/0.5.0/package
491 silly lockFile fd42ba9f-npm-node-inspector-0-5-0-package /home/ligolas/.npm/node-inspector/0.5.0/package
492 verbose tar unpack /home/ligolas/.npm/node-inspector/0.5.0/package.tgz
493 silly lockFile e0be6c26-npm-node-inspector-0-5-0-package tar:///home/ligolas/.npm/node-inspector/0.5.0/package
494 verbose lock tar:///home/ligolas/.npm/node-inspector/0.5.0/package /home/ligolas/.npm/e0be6c26-npm-node-inspector-0-5-0-package.lock
495 silly lockFile b3d189e0-node-inspector-0-5-0-package-tgz tar:///home/ligolas/.npm/node-inspector/0.5.0/package.tgz
496 verbose lock tar:///home/ligolas/.npm/node-inspector/0.5.0/package.tgz /home/ligolas/.npm/b3d189e0-node-inspector-0-5-0-package-tgz.lock
497 silly gunzTarPerm modes [ '755', '644' ]
498 silly gunzTarPerm extractEntry package.json
499 silly gunzTarPerm extractEntry LICENSE
500 silly gunzTarPerm extractEntry index.js
501 silly gunzTarPerm extractEntry docs/embedding.md
502 silly gunzTarPerm extractEntry MAINTAINERS.md
503 silly gunzTarPerm extractEntry bin/inspector.js
504 silly gunzTarPerm extractEntry config.json
505 silly gunzTarPerm extractEntry AUTHORS
506 silly gunzTarPerm extractEntry front-end/AdvancedSearchController.js
507 silly gunzTarPerm extractEntry front-end/Linkifier.js
508 silly gunzTarPerm extractEntry front-end/LiveEditSupport.js
509 silly gunzTarPerm extractEntry front-end/MemoryStatistics.js
510 silly gunzTarPerm extractEntry front-end/MetricsSidebarPane.js
511 silly gunzTarPerm extractEntry front-end/LayersPanelDescriptor.js
512 silly gunzTarPerm extractEntry front-end/NavigatorOverlayController.js
513 silly gunzTarPerm extractEntry front-end/NavigatorView.js
514 silly gunzTarPerm extractEntry front-end/NetworkItemView.js
515 silly gunzTarPerm extractEntry front-end/NetworkLog.js
516 silly gunzTarPerm extractEntry front-end/NetworkManager.js
517 silly gunzTarPerm extractEntry front-end/LayersPanel.js
518 silly gunzTarPerm extractEntry front-end/NetworkPanel.js
519 silly gunzTarPerm extractEntry front-end/Layers3DView.js
520 silly gunzTarPerm extractEntry front-end/NetworkPanelDescriptor.js
521 silly gunzTarPerm extractEntry front-end/LayerTreeModel.js
522 silly gunzTarPerm extractEntry front-end/NetworkRequest.js
523 silly gunzTarPerm extractEntry front-end/LayerTree.js
524 silly gunzTarPerm extractEntry front-end/NetworkUISourceCodeProvider.js
525 silly gunzTarPerm extractEntry front-end/LayerDetailsView.js
526 silly gunzTarPerm extractEntry front-end/jsdifflib.js
527 silly gunzTarPerm extractEntry front-end/KeyboardShortcut.js
528 silly gunzTarPerm extractEntry front-end/Object.js
529 silly gunzTarPerm extractEntry front-end/JavaScriptSourceFrame.js
530 silly gunzTarPerm extractEntry front-end/ObjectPopoverHelper.js
531 silly gunzTarPerm extractEntry front-end/JavaScriptFormatter.js
532 silly gunzTarPerm extractEntry front-end/ObjectPropertiesSection.js
533 silly gunzTarPerm extractEntry front-end/JSHeapSnapshot.js
534 silly gunzTarPerm extractEntry front-end/OverridesSupport.js
535 silly gunzTarPerm extractEntry front-end/IsolatedFileSystemManager.js
536 silly gunzTarPerm extractEntry front-end/OverridesView.js
537 silly gunzTarPerm extractEntry front-end/IsolatedFileSystem.js
538 silly gunzTarPerm extractEntry front-end/OverviewGrid.js
539 silly gunzTarPerm extractEntry front-end/InspectorView.js
540 silly gunzTarPerm extractEntry front-end/Panel.js
541 silly gunzTarPerm extractEntry front-end/InspectorFrontendHostStub.js
542 silly gunzTarPerm extractEntry front-end/ParsedURL.js
543 silly gunzTarPerm extractEntry front-end/InspectorFrontendAPI.js
544 silly gunzTarPerm extractEntry front-end/Placard.js
545 silly gunzTarPerm extractEntry front-end/InspectorBackendCommands.js
546 silly gunzTarPerm extractEntry front-end/ApplicationCacheItemsView.js
547 silly gunzTarPerm extractEntry front-end/InspectorBackend.js
548 silly gunzTarPerm extractEntry front-end/Popover.js
549 silly gunzTarPerm extractEntry front-end/InspectElementModeController.js
550 silly gunzTarPerm extractEntry front-end/PresentationConsoleMessageHelper.js
551 silly gunzTarPerm extractEntry front-end/IndexedDBViews.js
552 silly gunzTarPerm extractEntry front-end/ProfileDataGridTree.js
553 silly gunzTarPerm extractEntry front-end/IndexedDBModel.js
554 silly gunzTarPerm extractEntry front-end/ProfileLauncherView.js
555 silly gunzTarPerm extractEntry front-end/treeoutline.js
556 silly gunzTarPerm extractEntry front-end/ProfilesPanel.js
557 silly gunzTarPerm extractEntry front-end/ImageView.js
558 silly gunzTarPerm extractEntry front-end/ProfilesPanelDescriptor.js
559 silly gunzTarPerm extractEntry front-end/HelpScreen.js
560 silly gunzTarPerm extractEntry front-end/Progress.js
561 silly gunzTarPerm extractEntry front-end/HeapSnapshotWorkerDispatcher.js
562 silly gunzTarPerm extractEntry front-end/ProgressIndicator.js
563 silly gunzTarPerm extractEntry front-end/HeapSnapshotWorker.js
564 silly gunzTarPerm extractEntry front-end/PropertiesSection.js
565 silly gunzTarPerm extractEntry front-end/HeapSnapshotView.js
566 silly gunzTarPerm extractEntry front-end/PropertiesSidebarPane.js
567 silly gunzTarPerm extractEntry front-end/HeapSnapshotProxy.js
568 silly gunzTarPerm extractEntry front-end/RawSourceCode.js
569 silly gunzTarPerm extractEntry front-end/HeapSnapshotLoader.js
570 silly gunzTarPerm extractEntry front-end/RemoteObject.js
571 silly gunzTarPerm extractEntry front-end/HeapSnapshotGridNodes.js
572 silly gunzTarPerm extractEntry front-end/RequestCookiesView.js
573 silly gunzTarPerm extractEntry front-end/HeapSnapshotDataGrids.js
574 silly gunzTarPerm extractEntry front-end/RequestHTMLView.js
575 silly gunzTarPerm extractEntry front-end/HeapSnapshot.js
576 silly gunzTarPerm extractEntry front-end/RequestHeadersView.js
577 silly gunzTarPerm extractEntry front-end/HandlerRegistry.js
578 silly gunzTarPerm extractEntry front-end/RequestJSONView.js
579 silly gunzTarPerm extractEntry front-end/HAREntry.js
580 silly gunzTarPerm extractEntry front-end/RequestPreviewView.js
581 silly gunzTarPerm extractEntry front-end/GoToLineDialog.js
582 silly gunzTarPerm extractEntry front-end/RequestResponseView.js
583 silly gunzTarPerm extractEntry front-end/FontView.js
584 silly gunzTarPerm extractEntry front-end/RequestTimingView.js
585 silly gunzTarPerm extractEntry front-end/FlameChart.js
586 silly gunzTarPerm extractEntry front-end/RequestView.js
587 silly gunzTarPerm extractEntry front-end/FilteredItemSelectionDialog.js
588 silly gunzTarPerm extractEntry front-end/Resource.js
589 silly gunzTarPerm extractEntry front-end/FileUtils.js
590 silly gunzTarPerm extractEntry front-end/ResourceScriptMapping.js
591 silly gunzTarPerm extractEntry front-end/FileSystemView.js
592 silly gunzTarPerm extractEntry front-end/ResourceTreeModel.js
593 silly gunzTarPerm extractEntry front-end/FileSystemProjectDelegate.js
594 silly gunzTarPerm extractEntry front-end/ResourceType.js
595 silly gunzTarPerm extractEntry front-end/FileSystemModel.js
596 silly gunzTarPerm extractEntry front-end/ResourceUtils.js
597 silly gunzTarPerm extractEntry front-end/FileSystemMapping.js
598 silly gunzTarPerm extractEntry front-end/ResourceView.js
599 silly gunzTarPerm extractEntry front-end/FilePathScoreFunction.js
600 silly gunzTarPerm extractEntry front-end/ResourceWebSocketFrameView.js
601 silly gunzTarPerm extractEntry front-end/FileManager.js
602 silly gunzTarPerm extractEntry front-end/ResourcesPanel.js
603 silly gunzTarPerm extractEntry front-end/FileContentView.js
604 silly gunzTarPerm extractEntry front-end/RevisionHistoryView.js
605 silly gunzTarPerm extractEntry front-end/ExtensionView.js
606 silly gunzTarPerm extractEntry front-end/RuntimeModel.js
607 silly gunzTarPerm extractEntry front-end/ExtensionServer.js
608 silly gunzTarPerm extractEntry front-end/SASSSourceMapping.js
609 silly gunzTarPerm extractEntry front-end/ExtensionRegistryStub.js
610 silly gunzTarPerm extractEntry front-end/ScopeChainSidebarPane.js
611 silly gunzTarPerm extractEntry front-end/ExtensionPanel.js
612 silly gunzTarPerm extractEntry front-end/ScreencastView.js
613 silly gunzTarPerm extractEntry front-end/ExtensionAuditCategory.js
614 silly gunzTarPerm extractEntry front-end/Script.js
615 silly gunzTarPerm extractEntry front-end/ExtensionAPI.js
616 silly gunzTarPerm extractEntry front-end/ScriptFormatter.js
617 silly gunzTarPerm extractEntry front-end/EventListenersSidebarPane.js
618 silly gunzTarPerm extractEntry front-end/ScriptFormatterWorker.js
619 silly gunzTarPerm extractEntry front-end/EmptyView.js
620 silly gunzTarPerm extractEntry front-end/ScriptSnippetModel.js
621 silly gunzTarPerm extractEntry front-end/ElementsTreeOutline.js
622 silly gunzTarPerm extractEntry front-end/ScriptsNavigator.js
623 silly gunzTarPerm extractEntry front-end/ElementsPanelDescriptor.js
624 silly gunzTarPerm extractEntry front-end/ScriptsPanel.js
625 silly gunzTarPerm extractEntry front-end/ElementsPanel.js
626 silly gunzTarPerm extractEntry front-end/ScriptsPanelDescriptor.js
627 silly gunzTarPerm extractEntry front-end/EditFileSystemDialog.js
628 silly gunzTarPerm extractEntry front-end/ScriptsSearchScope.js
629 silly gunzTarPerm extractEntry front-end/Drawer.js
630 silly gunzTarPerm extractEntry front-end/SearchController.js
631 silly gunzTarPerm extractEntry front-end/DockController.js
632 silly gunzTarPerm extractEntry front-end/Section.js
633 silly gunzTarPerm extractEntry front-end/DirectoryContentView.js
634 silly gunzTarPerm extractEntry front-end/Settings.js
635 silly gunzTarPerm extractEntry front-end/Dialog.js
636 silly gunzTarPerm extractEntry front-end/SettingsScreen.js
637 silly gunzTarPerm extractEntry front-end/DevToolsExtensionAPI.js
638 silly gunzTarPerm extractEntry front-end/ShortcutsScreen.js
639 silly gunzTarPerm extractEntry front-end/DefaultScriptMapping.js
640 silly gunzTarPerm extractEntry front-end/ShowMoreDataGridNode.js
641 silly gunzTarPerm extractEntry front-end/DebuggerScriptMapping.js
642 silly gunzTarPerm extractEntry front-end/SidebarOverlay.js
643 silly gunzTarPerm extractEntry front-end/DebuggerModel.js
644 silly gunzTarPerm extractEntry front-end/SidebarPane.js
645 silly gunzTarPerm extractEntry front-end/DatabaseTableView.js
646 silly gunzTarPerm extractEntry front-end/SidebarTreeElement.js
647 silly gunzTarPerm extractEntry front-end/DatabaseQueryView.js
648 silly gunzTarPerm extractEntry front-end/SidebarView.js
649 silly gunzTarPerm extractEntry front-end/Database.js
650 silly gunzTarPerm extractEntry front-end/SimpleWorkspaceProvider.js
651 silly gunzTarPerm extractEntry front-end/DataGrid.js
652 silly gunzTarPerm extractEntry front-end/SnippetStorage.js
653 silly gunzTarPerm extractEntry front-end/DOMSyntaxHighlighter.js
654 silly gunzTarPerm extractEntry front-end/SoftContextMenu.js
655 silly gunzTarPerm extractEntry front-end/DOMStorageItemsView.js
656 silly gunzTarPerm extractEntry front-end/SourceFrame.js
657 silly gunzTarPerm extractEntry front-end/DOMStorage.js
658 silly gunzTarPerm extractEntry front-end/SourceMap.js
659 silly gunzTarPerm extractEntry front-end/DOMPresentationUtils.js
660 silly gunzTarPerm extractEntry front-end/SourceMapping.js
661 silly gunzTarPerm extractEntry front-end/DOMExtension.js
662 silly gunzTarPerm extractEntry front-end/Spectrum.js
663 silly gunzTarPerm extractEntry front-end/DOMCountersGraph.js
664 silly gunzTarPerm extractEntry front-end/SplitView.js
665 silly gunzTarPerm extractEntry front-end/DOMBreakpointsSidebarPane.js
666 silly gunzTarPerm extractEntry front-end/StatusBarButton.js
667 silly gunzTarPerm extractEntry front-end/DOMAgent.js
668 silly gunzTarPerm extractEntry front-end/StyleSheetOutlineDialog.js
669 silly gunzTarPerm extractEntry front-end/CookiesTable.js
670 silly gunzTarPerm extractEntry front-end/StylesSidebarPane.js
671 silly gunzTarPerm extractEntry front-end/CookieParser.js
672 silly gunzTarPerm extractEntry front-end/StylesSourceMapping.js
673 silly gunzTarPerm extractEntry front-end/CookieItemsView.js
674 silly gunzTarPerm extractEntry front-end/SuggestBox.js
675 silly gunzTarPerm extractEntry front-end/ContextMenu.js
676 silly gunzTarPerm extractEntry front-end/TabbedEditorContainer.js
677 silly gunzTarPerm extractEntry front-end/ContentProviders.js
678 silly gunzTarPerm extractEntry front-end/TabbedPane.js
679 silly gunzTarPerm extractEntry front-end/ContentProviderBasedProjectDelegate.js
680 silly gunzTarPerm extractEntry front-end/TestController.js
681 silly gunzTarPerm extractEntry front-end/ContentProvider.js
682 silly gunzTarPerm extractEntry front-end/Tests.js
683 silly gunzTarPerm extractEntry front-end/ConsoleView.js
684 silly gunzTarPerm extractEntry front-end/TextEditor.js
685 silly gunzTarPerm extractEntry front-end/ConsolePanel.js
686 silly gunzTarPerm extractEntry front-end/TextPrompt.js
687 silly gunzTarPerm extractEntry front-end/ConsoleModel.js
688 silly gunzTarPerm extractEntry front-end/TextRange.js
689 silly gunzTarPerm extractEntry front-end/ConsoleMessage.js
690 silly gunzTarPerm extractEntry front-end/TextUtils.js
691 silly gunzTarPerm extractEntry front-end/CompletionDictionary.js
692 silly gunzTarPerm extractEntry front-end/TimelineFrameController.js
693 silly gunzTarPerm extractEntry front-end/CompilerScriptMapping.js
694 silly gunzTarPerm extractEntry front-end/TimelineGrid.js
695 silly gunzTarPerm extractEntry front-end/Color.js
696 silly gunzTarPerm extractEntry front-end/TimelineManager.js
697 silly gunzTarPerm extractEntry front-end/CodeMirrorUtils.js
698 silly gunzTarPerm extractEntry front-end/TimelineModel.js
699 silly gunzTarPerm extractEntry front-end/CodeMirrorTextEditor.js
700 silly gunzTarPerm extractEntry front-end/TimelineOverviewPane.js
701 silly gunzTarPerm extractEntry front-end/Checkbox.js
702 silly gunzTarPerm extractEntry front-end/TimelinePanel.js
703 silly gunzTarPerm extractEntry front-end/CanvasReplayStateView.js
704 silly gunzTarPerm extractEntry front-end/TimelinePanelDescriptor.js
705 silly gunzTarPerm extractEntry front-end/CanvasProfileView.js
706 silly gunzTarPerm extractEntry front-end/TimelinePresentationModel.js
707 silly gunzTarPerm extractEntry front-end/CallStackSidebarPane.js
708 silly gunzTarPerm extractEntry front-end/Toolbar.js
709 silly gunzTarPerm extractEntry front-end/CSSStyleSheetMapping.js
710 silly gunzTarPerm extractEntry front-end/TopDownProfileDataGridTree.js
711 silly gunzTarPerm extractEntry front-end/CSSStyleModel.js
712 silly gunzTarPerm extractEntry front-end/TracingAgent.js
713 silly gunzTarPerm extractEntry front-end/CSSNamedFlowView.js
714 silly gunzTarPerm extractEntry front-end/UISourceCode.js
715 silly gunzTarPerm extractEntry front-end/CSSNamedFlowCollectionsView.js
716 silly gunzTarPerm extractEntry front-end/UISourceCodeFrame.js
717 silly gunzTarPerm extractEntry front-end/CSSMetadata.js
718 silly gunzTarPerm extractEntry front-end/UIString.js
719 silly gunzTarPerm extractEntry front-end/CPUProfileView.js
720 silly gunzTarPerm extractEntry front-end/UIUtils.js
721 silly gunzTarPerm extractEntry front-end/BreakpointsSidebarPane.js
722 silly gunzTarPerm extractEntry front-end/inspector.js
723 silly gunzTarPerm extractEntry front-end/BreakpointManager.js
724 silly gunzTarPerm extractEntry front-end/UserMetrics.js
725 silly gunzTarPerm extractEntry front-end/BottomUpProfileDataGridTree.js
726 silly gunzTarPerm extractEntry front-end/View.js
727 silly gunzTarPerm extractEntry front-end/AuditsPanel.js
728 silly gunzTarPerm extractEntry front-end/ViewportControl.js
729 silly gunzTarPerm extractEntry front-end/AuditRules.js
730 silly gunzTarPerm extractEntry front-end/WatchExpressionsSidebarPane.js
731 silly gunzTarPerm extractEntry front-end/AuditResultView.js
732 silly gunzTarPerm extractEntry front-end/WorkerManager.js
733 silly gunzTarPerm extractEntry front-end/AuditLauncherView.js
734 silly gunzTarPerm extractEntry front-end/WorkersSidebarPane.js
735 silly gunzTarPerm extractEntry front-end/AuditFormatters.js
736 silly gunzTarPerm extractEntry front-end/Workspace.js
737 silly gunzTarPerm extractEntry front-end/AuditController.js
738 silly gunzTarPerm extractEntry front-end/WorkspaceController.js
739 silly gunzTarPerm extractEntry front-end/AuditCategories.js
740 silly gunzTarPerm extractEntry front-end/externs.js
741 silly gunzTarPerm extractEntry front-end/ApplicationCacheModel.js
742 silly gunzTarPerm extractEntry front-end/buildSystemOnly.js
743 silly gunzTarPerm extractEntry front-end/NativeBreakpointsSidebarPane.js
744 silly gunzTarPerm extractEntry front-end/utilities.js
745 silly gunzTarPerm extractEntry front-end/PlatformFontsSidebarPane.js
746 silly gunzTarPerm extractEntry front-end/breakpointsList.css
747 silly gunzTarPerm extractEntry front-end/canvasProfiler.css
748 silly gunzTarPerm extractEntry front-end/cm/LICENSE
749 silly gunzTarPerm extractEntry front-end/cm/python.js
750 silly gunzTarPerm extractEntry front-end/cm/codemirror.js
751 silly gunzTarPerm extractEntry front-end/cm/coffeescript.js
752 silly gunzTarPerm extractEntry front-end/cm/comment.js
753 silly gunzTarPerm extractEntry front-end/cm/shell.js
754 silly gunzTarPerm extractEntry front-end/cm/php.js
755 silly gunzTarPerm extractEntry front-end/cm/htmlembedded.js
756 silly gunzTarPerm extractEntry front-end/cm/htmlmixed.js
757 silly gunzTarPerm extractEntry front-end/cm/javascript.js
758 silly gunzTarPerm extractEntry front-end/cm/markselection.js
759 silly gunzTarPerm extractEntry front-end/cm/closebrackets.js
760 silly gunzTarPerm extractEntry front-end/cm/matchbrackets.js
761 silly gunzTarPerm extractEntry front-end/cm/clike.js
762 silly gunzTarPerm extractEntry front-end/cm/overlay.js
763 silly gunzTarPerm extractEntry front-end/cm/css.js
764 silly gunzTarPerm extractEntry front-end/cm/xml.js
765 silly gunzTarPerm extractEntry front-end/cm/headlesscodemirror.js
766 silly gunzTarPerm extractEntry front-end/cm/LICENSE_python
767 silly gunzTarPerm extractEntry front-end/cm/codemirror.css
768 silly gunzTarPerm extractEntry front-end/cm/cmdevtools.css
769 silly gunzTarPerm extractEntry front-end/cssNamedFlows.css
770 silly gunzTarPerm extractEntry front-end/dataGrid.css
771 silly gunzTarPerm extractEntry front-end/dialog.css
772 silly gunzTarPerm extractEntry front-end/elementsPanel.css
773 silly gunzTarPerm extractEntry front-end/auditsPanel.css
774 silly gunzTarPerm extractEntry front-end/filteredItemSelectionDialog.css
775 silly gunzTarPerm extractEntry front-end/flameChart.css
776 silly gunzTarPerm extractEntry front-end/heapProfiler.css
777 silly gunzTarPerm extractEntry front-end/helpScreen.css
778 silly gunzTarPerm extractEntry front-end/indexedDBViews.css
779 silly gunzTarPerm extractEntry front-end/inspector.css
780 silly gunzTarPerm extractEntry front-end/inspector.html
781 silly gunzTarPerm extractEntry front-end/UglifyJS/parse-js.js
782 silly gunzTarPerm extractEntry front-end/inspectorCommon.css
783 silly gunzTarPerm extractEntry front-end/inspectorSyntaxHighlight.css
784 silly gunzTarPerm extractEntry front-end/OWNERS
785 silly gunzTarPerm extractEntry front-end/breadcrumbList.css
786 silly gunzTarPerm extractEntry front-end/navigatorView.css
787 silly gunzTarPerm extractEntry front-end/networkLogView.css
788 silly gunzTarPerm extractEntry front-end/networkPanel.css
789 silly gunzTarPerm extractEntry front-end/panelEnablerView.css
790 silly gunzTarPerm extractEntry front-end/popover.css
791 silly gunzTarPerm extractEntry front-end/profilesPanel.css
792 silly gunzTarPerm extractEntry front-end/resourceView.css
793 silly gunzTarPerm extractEntry front-end/resourcesPanel.css
794 silly gunzTarPerm extractEntry front-end/revisionHistory.css
795 silly gunzTarPerm extractEntry front-end/screencastView.css
796 silly gunzTarPerm extractEntry front-end/scriptsPanel.css
797 silly gunzTarPerm extractEntry front-end/sidebarPane.css
798 silly gunzTarPerm extractEntry front-end/spectrum.css
799 silly gunzTarPerm extractEntry front-end/splitView.css
800 silly gunzTarPerm extractEntry front-end/tabbedPane.css
801 silly gunzTarPerm extractEntry front-end/test-runner.html
802 silly gunzTarPerm extractEntry front-end/textPrompt.css
803 silly gunzTarPerm extractEntry front-end/timelinePanel.css
804 silly gunzTarPerm extractEntry front-end/Images/resourcePlainIcon.png
805 silly gunzTarPerm extractEntry front-end/Images/addIcon.png
806 silly gunzTarPerm extractEntry front-end/Images/back.png
807 silly gunzTarPerm extractEntry front-end/Images/breakpoint2.png
808 silly gunzTarPerm extractEntry front-end/Images/breakpoint2_2x.png
809 silly gunzTarPerm extractEntry front-end/Images/breakpointBorder.png
810 silly gunzTarPerm extractEntry front-end/Images/breakpointConditional2.png
811 silly gunzTarPerm extractEntry front-end/Images/breakpointConditional2_2x.png
812 silly gunzTarPerm extractEntry front-end/Images/breakpointConditionalBorder.png
813 silly gunzTarPerm extractEntry front-end/Images/breakpointConditionalCounterBorder.png
814 silly gunzTarPerm extractEntry front-end/Images/breakpointCounterBorder.png
815 silly gunzTarPerm extractEntry front-end/Images/checker.png
816 silly gunzTarPerm extractEntry front-end/Images/cookie.png
817 silly gunzTarPerm extractEntry front-end/Images/database.png
818 silly gunzTarPerm extractEntry front-end/Images/databaseTable.png
819 silly gunzTarPerm extractEntry front-end/Images/deleteIcon.png
820 silly gunzTarPerm extractEntry front-end/Images/domain.png
821 silly gunzTarPerm extractEntry front-end/Images/fileSystem.png
822 silly gunzTarPerm extractEntry front-end/Images/forward.png
823 silly gunzTarPerm extractEntry front-end/Images/frame.png
824 silly gunzTarPerm extractEntry front-end/Images/glossyHeader.png
825 silly gunzTarPerm extractEntry front-end/Images/glossyHeaderPressed.png
826 silly gunzTarPerm extractEntry front-end/Images/glossyHeaderSelected.png
827 silly gunzTarPerm extractEntry front-end/Images/glossyHeaderSelectedPressed.png
828 silly gunzTarPerm extractEntry front-end/Images/graphLabelCalloutLeft.png
829 silly gunzTarPerm extractEntry front-end/Images/graphLabelCalloutRight.png
830 silly gunzTarPerm extractEntry front-end/Images/indexedDB.png
831 silly gunzTarPerm extractEntry front-end/Images/indexedDBIndex.png
832 silly gunzTarPerm extractEntry front-end/Images/indexedDBObjectStore.png
833 silly gunzTarPerm extractEntry front-end/Images/localStorage.png
834 silly gunzTarPerm extractEntry front-end/Images/namedFlowOverflow.png
835 silly gunzTarPerm extractEntry front-end/Images/paneAddButtons.png
836 silly gunzTarPerm extractEntry front-end/Images/paneElementStateButtons.png
837 silly gunzTarPerm extractEntry front-end/Images/paneFilterButtons.png
838 silly gunzTarPerm extractEntry front-end/Images/paneRefreshButtons.png
839 silly gunzTarPerm extractEntry front-end/Images/paneSettingsButtons.png
840 silly gunzTarPerm extractEntry front-end/Images/popoverArrows.png
841 silly gunzTarPerm extractEntry front-end/Images/popoverBackground.png
842 silly gunzTarPerm extractEntry front-end/Images/profileGroupIcon.png
843 silly gunzTarPerm extractEntry front-end/Images/profileIcon.png
844 silly gunzTarPerm extractEntry front-end/Images/profileSmallIcon.png
845 silly gunzTarPerm extractEntry front-end/Images/programCounterBorder.png
846 silly gunzTarPerm extractEntry front-end/Images/radioDot.png
847 silly gunzTarPerm extractEntry front-end/Images/regionEmpty.png
848 silly gunzTarPerm extractEntry front-end/Images/regionFit.png
849 silly gunzTarPerm extractEntry front-end/Images/regionOverset.png
850 silly gunzTarPerm extractEntry front-end/Images/resourceCSSIcon.png
851 silly gunzTarPerm extractEntry front-end/Images/resourceDocumentIcon.png
852 silly gunzTarPerm extractEntry front-end/Images/resourceDocumentIconSmall.png
853 silly gunzTarPerm extractEntry front-end/Images/resourceJSIcon.png
854 silly gunzTarPerm extractEntry front-end/Images/applicationCache.png
855 silly gunzTarPerm extractEntry front-end/Images/resourcePlainIconSmall.png
856 silly gunzTarPerm extractEntry front-end/Images/resourcesTimeGraphIcon.png
857 silly gunzTarPerm extractEntry front-end/Images/searchNext.png
858 silly gunzTarPerm extractEntry front-end/Images/searchPrev.png
859 silly gunzTarPerm extractEntry front-end/Images/searchSmallBlue.png
860 silly gunzTarPerm extractEntry front-end/Images/searchSmallBrightBlue.png
861 silly gunzTarPerm extractEntry front-end/Images/searchSmallGray.png
862 silly gunzTarPerm extractEntry front-end/Images/searchSmallWhite.png
863 silly gunzTarPerm extractEntry front-end/Images/segment.png
864 silly gunzTarPerm extractEntry front-end/Images/segmentEnd.png
865 silly gunzTarPerm extractEntry front-end/Images/segmentHover.png
866 silly gunzTarPerm extractEntry front-end/Images/segmentHoverEnd.png
867 silly gunzTarPerm extractEntry front-end/Images/segmentSelected.png
868 silly gunzTarPerm extractEntry front-end/Images/segmentSelectedEnd.png
869 silly gunzTarPerm extractEntry front-end/Images/sessionStorage.png
870 silly gunzTarPerm extractEntry front-end/Images/settingsListRemove.png
871 silly gunzTarPerm extractEntry front-end/Images/settingsListRemove_2x.png
872 silly gunzTarPerm extractEntry front-end/Images/spinner.gif
873 silly gunzTarPerm extractEntry front-end/Images/spinnerActive.gif
874 silly gunzTarPerm extractEntry front-end/Images/spinnerActiveSelected.gif
875 silly gunzTarPerm extractEntry front-end/Images/spinnerInactive.gif
876 silly gunzTarPerm extractEntry front-end/Images/spinnerInactiveSelected.gif
877 silly gunzTarPerm extractEntry front-end/Images/src/breakpoints2.svg
878 silly gunzTarPerm extractEntry front-end/Images/src/settingListRemove.svg
879 silly gunzTarPerm extractEntry front-end/Images/src/statusbarButtonGlyphs.svg
880 silly gunzTarPerm extractEntry front-end/Images/statusbarButtonGlyphs.png
881 silly gunzTarPerm extractEntry front-end/Images/statusbarButtonGlyphs2x.png
882 silly gunzTarPerm extractEntry front-end/Images/statusbarResizerHorizontal.png
883 silly gunzTarPerm extractEntry front-end/Images/statusbarResizerVertical.png
884 silly gunzTarPerm extractEntry front-end/Images/thumbActiveHoriz.png
885 silly gunzTarPerm extractEntry front-end/Images/thumbActiveVert.png
886 silly gunzTarPerm extractEntry front-end/Images/thumbHoriz.png
887 silly gunzTarPerm extractEntry front-end/Images/thumbHoverHoriz.png
888 silly gunzTarPerm extractEntry front-end/Images/thumbHoverVert.png
889 silly gunzTarPerm extractEntry front-end/Images/thumbVert.png
890 silly gunzTarPerm extractEntry front-end/Images/timelineHollowPillBlue.png
891 silly gunzTarPerm extractEntry front-end/Images/timelineHollowPillGray.png
892 silly gunzTarPerm extractEntry front-end/Images/timelineHollowPillGreen.png
893 silly gunzTarPerm extractEntry front-end/Images/timelineHollowPillOrange.png
894 silly gunzTarPerm extractEntry front-end/Images/timelineHollowPillPurple.png
895 silly gunzTarPerm extractEntry front-end/Images/timelineHollowPillRed.png
896 silly gunzTarPerm extractEntry front-end/Images/timelineHollowPillYellow.png
897 silly gunzTarPerm extractEntry front-end/Images/timelinePillBlue.png
898 silly gunzTarPerm extractEntry front-end/Images/timelinePillGray.png
899 silly gunzTarPerm extractEntry front-end/Images/timelinePillGreen.png
900 silly gunzTarPerm extractEntry front-end/Images/timelinePillOrange.png
901 silly gunzTarPerm extractEntry front-end/Images/timelinePillPurple.png
902 silly gunzTarPerm extractEntry front-end/Images/timelinePillRed.png
903 silly gunzTarPerm extractEntry front-end/Images/timelinePillYellow.png
904 silly gunzTarPerm extractEntry front-end/Images/toolbarItemSelected.png
905 silly gunzTarPerm extractEntry front-end/Images/trackHoriz.png
906 silly gunzTarPerm extractEntry front-end/Images/trackVert.png
907 silly gunzTarPerm extractEntry front-end/layersPanel.css
908 silly gunzTarPerm extractEntry front-end-node/Overrides.js
909 silly gunzTarPerm extractEntry ChangeLog
910 silly gunzTarPerm extractEntry lib/BreakEventHandler.js
911 silly gunzTarPerm extractEntry lib/FrontendCommandHandler.js
912 silly gunzTarPerm extractEntry lib/NetworkAgent.js
913 silly gunzTarPerm extractEntry lib/PageAgent.js
914 silly gunzTarPerm extractEntry lib/FrontendClient.js
915 silly gunzTarPerm extractEntry lib/ScriptFileStorage.js
916 silly gunzTarPerm extractEntry lib/ScriptManager.js
917 silly gunzTarPerm extractEntry lib/callback.js
918 silly gunzTarPerm extractEntry lib/config.js
919 silly gunzTarPerm extractEntry lib/convert.js
920 silly gunzTarPerm extractEntry lib/DebuggerClient.js
921 silly gunzTarPerm extractEntry lib/debug-server.js
922 silly gunzTarPerm extractEntry lib/DebuggerAgent.js
923 silly gunzTarPerm extractEntry lib/debugger.js
924 silly gunzTarPerm extractEntry lib/CallFramesProvider.js
925 silly gunzTarPerm extractEntry lib/session.js
926 silly gunzTarPerm extractEntry lib/RuntimeAgent.js
927 silly gunzTarPerm extractEntry .travis.yml
928 silly gunzTarPerm extractEntry readme.md
929 silly lockFile e0be6c26-npm-node-inspector-0-5-0-package tar:///home/ligolas/.npm/node-inspector/0.5.0/package
930 silly lockFile e0be6c26-npm-node-inspector-0-5-0-package tar:///home/ligolas/.npm/node-inspector/0.5.0/package
931 silly lockFile b3d189e0-node-inspector-0-5-0-package-tgz tar:///home/ligolas/.npm/node-inspector/0.5.0/package.tgz
932 silly lockFile b3d189e0-node-inspector-0-5-0-package-tgz tar:///home/ligolas/.npm/node-inspector/0.5.0/package.tgz
933 verbose chmod /home/ligolas/.npm/node-inspector/0.5.0/package.tgz 644
934 verbose chown /home/ligolas/.npm/node-inspector/0.5.0/package.tgz [ 1001, 1001 ]
935 silly lockFile 6b771466-spector-node-inspector-0-5-0-tgz https://registry.npmjs.org/node-inspector/-/node-inspector-0.5.0.tgz
936 silly lockFile 6b771466-spector-node-inspector-0-5-0-tgz https://registry.npmjs.org/node-inspector/-/node-inspector-0.5.0.tgz
937 silly lockFile 92df52c1-node-inspector-0-5-0 node-inspector@0.5.0
938 silly lockFile 92df52c1-node-inspector-0-5-0 node-inspector@0.5.0
939 silly lockFile e68b88da-node-inspector node-inspector@
940 silly lockFile e68b88da-node-inspector node-inspector@
941 silly resolved [ { name: 'node-inspector',
941 silly resolved     version: '0.5.0',
941 silly resolved     description: 'Web Inspector based nodeJS debugger',
941 silly resolved     homepage: 'http://github.com/node-inspector/node-inspector',
941 silly resolved     author: { name: 'Danny Coates', email: 'dannycoates@gmail.com' },
941 silly resolved     keywords: [ 'debug', 'debugger', 'inspector', 'profiler' ],
941 silly resolved     repository:
941 silly resolved      { type: 'git',
941 silly resolved        url: 'http://github.com/node-inspector/node-inspector.git' },
941 silly resolved     engines: { node: '>=0.8.0' },
941 silly resolved     bin: { 'node-inspector': './bin/inspector.js' },
941 silly resolved     dependencies:
941 silly resolved      { 'socket.io': '~0.9.14',
941 silly resolved        express: '~3.4',
941 silly resolved        async: '~0.2.8',
941 silly resolved        glob: '~3.2.1',
941 silly resolved        rc: '~0.3.0',
941 silly resolved        'strong-data-uri': '~0.1.0' },
941 silly resolved     devDependencies: { mocha: 'latest', chai: 'latest' },
941 silly resolved     preferGlobal: true,
941 silly resolved     scripts: { test: 'mocha', lint: './tools/gjslint.sh' },
941 silly resolved     contributors:
941 silly resolved      [ [Object],
941 silly resolved        [Object],
941 silly resolved        [Object],
941 silly resolved        [Object],
941 silly resolved        [Object],
941 silly resolved        [Object],
941 silly resolved        [Object],
941 silly resolved        [Object],
941 silly resolved        [Object],
941 silly resolved        [Object],
941 silly resolved        [Object],
941 silly resolved        [Object],
941 silly resolved        [Object],
941 silly resolved        [Object] ],
941 silly resolved     readme: '# Node Inspector\n\n[![Build Status](https://travis-ci.org/node-inspector/node-inspector.png?branch=master)](https://travis-ci.org/node-inspector/node-inspector)\n[![Dependency Status](https://gemnasium.com/node-inspector/node-inspector.png)](https://gemnasium.com/node-inspector/node-inspector)\n[![NPM version](https://badge.fury.io/js/node-inspector.png)](http://badge.fury.io/js/node-inspector)\n\n\n## Overview\nNode Inspector is a debugger interface for node.js using the\nBlink Developer Tools (former WebKit Web Inspector).\n\n## Features\n\nThe Blink DevTools debugger is a great javascript debugger interface;\nit works just as well for node. Node Inspector supports almost all\nof the debugging features of DevTools.\n\n* Navigate in your source files\n* Set breakpoints (and specify trigger conditions)\n* Break on exceptions\n* Step over, step in, step out, resume (continue)\n* Continue to location\n* Disable/enable all breakpoints\n* Inspect scopes, variables, object properties\n* Hover your mouse over an expression in your source to display its value in\n  a tooltip\n* Edit variables and object properties\n* (etc.)\n\n### Cool stuff\n* Node Inspector uses WebSockets, so no polling for breaks.\n* Remote debugging\n* [Live edit of running code](http://github.com/dannycoates/node-inspector/wiki/LiveEdit),\n  optionally persisting changes back to the file-system.\n* Set breakpoints in files that are not loaded into V8 yet - useful for\n  debugging module loading/initialization.\n* Javascript from top to bottom :)\n* Embeddable in other applications - see [Embedding HOWTO](docs/embedding.md)\n  for more details.\n\n## Known Issues\n\nThis is beta-quality code, so use at your own risk.\n\n* Be careful about viewing the contents of Buffer objects,\n  each byte is displayed as an individual array element;\n  for most Buffers this will take too long to render.\n* While not stopped at a breakpoint the console doesn\'t always\n  behave as you might expect. See issue #146.\n* Profiler is not implemented yet. Have a look at\n  [node-webkit-agent](https://github.com/c4milo/node-webkit-agent)\n  in the meantime.\n* Break on uncaught exceptions does not work because of missing\n  [support in node](https://github.com/joyent/node/pull/5713).\n* Debugging multiple processes (e.g. cluster) is cumbersome.\n\n## Getting Started\n\n### Requirements\n\n* [node.js](http://github.com/ry/node)\n  - version 0.8 or later\n* [npm](http://github.com/isaacs/npm)\n* A Blink-based browser (i.e. Google Chrome)\n\n### Install\n\n* With [npm](http://github.com/isaacs/npm)\n\n        $ npm install -g node-inspector\n\n### Enable debug mode\n\nTo use node-inspector, enable debugging on the node you wish to debug.\nYou can either start node with a debug flag like:\n\n    $ node --debug your/node/program.js\n\nor, to pause your script on the first line:\n\n    $ node --debug-brk your/short/node/script.js\n\nOr you can enable debugging on a node that is already running by sending\nit a signal:\n\n1. Get the PID of the node process using your favorite method.\n`pgrep` or `ps -ef` are good\n\n\t\t$ pgrep -l node\n\t\t2345 node your/node/server.js\n\n2. Send it the USR1 signal\n\n\t\t$ kill -s USR1 2345\n\nGreat! Now you are ready to attach node-inspector\n\n### Debugging\n\n1. start the inspector. I usually put it in the background\n\n\t\t$ node-inspector &\n\n2. open http://127.0.0.1:8080/debug?port=5858 in Chrome\n\n3. you should now see the javascript source from node. If you don\'t, click the scripts tab.\n\n4. select a script and set some breakpoints (far left line numbers)\n\n5. then watch the [screencasts](http://www.youtube.com/view_play_list?p=A5216AC29A41EFA8)\n\nFor more information on getting started see the [wiki](http://github.com/dannycoates/node-inspector/wiki/Getting-Started---from-scratch)\n\nnode-inspector works almost exactly like the web inspector in\nChrome. Here\'s a good [overview](http://code.google.com/chrome/devtools/docs/scripts.html) of the UI\n\n### Inspector options\n\nNode-inspector uses [rc](https://npmjs.org/package/rc)\n[[github]](https://github.com/dominictarr/rc) module to collect options.\n\nPlaces for configuration:\n* command line arguments (parsed by optimist)\n* enviroment variables prefixed with ```node-inspector_```\n* if you passed an option ```--config file``` then from that file\n* a local ```.node-inspectorrc``` or the first found looking in ```./ ../ ../../\n ../../../``` etc.\n* ```$HOME/.node-inspectorrc```\n* ```$HOME/.node-inspector/config```\n* ```$HOME/.config/node-inspector```\n* ```$HOME/.config/node-inspector/config```\n* ```/etc/node-inspectorrc```\n* ```/etc/node-inspector/config```\n* options from ```config.json``` for backward compatibility\n* defaults described in Node Inspector`s [./lib/config.js](lib/config.js).\n\nAll configuration sources that where found will be flattened into one object,\nso that sources earlier in this list override later ones.\n\n\n\nList of predefined options:\n```\n         Option             Default                  Description\n    --help            |                 |   Print information about options\n    --web-port        |      8080       |   Port to host the inspector\n    --web-host        |    127.0.0.1    |   Host to listen on\n    --debug-port      |      5858       |   Port to connect to the debugging app\n    --save-live-edit  |      false      |   Save live edit changes to disk (update the edited files)\n    --hidden          |       []        |   Array of files to hide from the UI\n                      |                 |   Breakpoints in these files will be ignored\n```\n\n## FAQ / WTF\n\n1. My script runs too fast to attach the debugger.\n\n  > use `--debug-brk` to pause the script on the first line\n\n2. I got the ui in a weird state.\n\n  > when in doubt, refresh\n\n3. Can I debug remotely?\n\n  > Yes. node-inspector must be running on the same machine,\n  > but your browser can be anywhere.\n  > Just make sure port 8080 is accessible\n\n4. How to specify list of files to hide?\n\n  > Create a JSON-encoded array, don\'t forget to escape the quote characters\n  > when using a command-line option.\n  >\n  >     $ node-inspector --hidden=\'["node_modules/framework"]\'\n  >\n  > Note that the array items are interpreted as regular expressions.\n\n## Contributing Code\n\nMaking Node Inspector the best debugger for node.js cannot be achieved without\nthe help of the community. The following resources should help you to get\nstarted.\n\n* [Contributing](https://github.com/node-inspector/node-inspector/wiki/Contributing)\n* [Developer\'s Guide](https://github.com/node-inspector/node-inspector/wiki/Developer%27s-Guide)\n* [Easy Picks](https://github.com/node-inspector/node-inspector/issues?direction=asc&labels=Easy+Pick&page=1&sort=updated&state=open)\n\n## Thanks\n\n[Danny Coates](https://github.com/dannycoates) for starting the project\nand maintaining it for several years.\n\n[StrongLoop](http://strongloop.com) for upgrading to the Blink front-end\nand maintaining the project onwards.\n\nAnd of course all developers that contributed patches and features, as listed\nin the [AUTHORS](AUTHORS) file.\n',
941 silly resolved     readmeFilename: 'readme.md',
941 silly resolved     bugs: { url: 'https://github.com/node-inspector/node-inspector/issues' },
941 silly resolved     _id: 'node-inspector@0.5.0',
941 silly resolved     dist: { shasum: 'c2db0dab9566d3234c0f035966f2471fe2e6f0a7' },
941 silly resolved     _from: 'node-inspector@',
941 silly resolved     _resolved: 'https://registry.npmjs.org/node-inspector/-/node-inspector-0.5.0.tgz' } ]
942 info install node-inspector@0.5.0 into /usr/local/lib
943 info installOne node-inspector@0.5.0
944 info /usr/local/lib/node_modules/node-inspector unbuild
945 verbose tar unpack /home/ligolas/.npm/node-inspector/0.5.0/package.tgz
946 silly lockFile 6e6fbd08--lib-node-modules-node-inspector tar:///usr/local/lib/node_modules/node-inspector
947 verbose lock tar:///usr/local/lib/node_modules/node-inspector /home/ligolas/.npm/6e6fbd08--lib-node-modules-node-inspector.lock
948 silly lockFile b3d189e0-node-inspector-0-5-0-package-tgz tar:///home/ligolas/.npm/node-inspector/0.5.0/package.tgz
949 verbose lock tar:///home/ligolas/.npm/node-inspector/0.5.0/package.tgz /home/ligolas/.npm/b3d189e0-node-inspector-0-5-0-package-tgz.lock
950 silly gunzTarPerm modes [ '755', '644' ]
951 error Error: EACCES, mkdir '/usr/local/lib/node_modules/node-inspector'
951 error  { [Error: EACCES, mkdir '/usr/local/lib/node_modules/node-inspector']
951 error   errno: 3,
951 error   code: 'EACCES',
951 error   path: '/usr/local/lib/node_modules/node-inspector',
951 error   fstream_type: 'Directory',
951 error   fstream_path: '/usr/local/lib/node_modules/node-inspector',
951 error   fstream_class: 'DirWriter',
951 error   fstream_stack:
951 error    [ '/usr/local/lib/node_modules/npm/node_modules/fstream/lib/dir-writer.js:36:23',
951 error      '/usr/local/lib/node_modules/npm/node_modules/mkdirp/index.js:37:53',
951 error      'Object.oncomplete (fs.js:107:15)' ] }
952 error Please try running this command again as root/Administrator.
953 error System Linux 3.5.0-41-generic
954 error command "/usr/local/bin/node" "/usr/local/bin/npm" "install" "-g" "node-inspector"
955 error cwd /home/ligolas/hyperleveldown
956 error node -v v0.10.19
957 error npm -v 1.3.11
958 error path /usr/local/lib/node_modules/node-inspector
959 error fstream_path /usr/local/lib/node_modules/node-inspector
960 error fstream_type Directory
961 error fstream_class DirWriter
962 error code EACCES
963 error errno 3
964 error stack Error: EACCES, mkdir '/usr/local/lib/node_modules/node-inspector'
965 error fstream_stack /usr/local/lib/node_modules/npm/node_modules/fstream/lib/dir-writer.js:36:23
965 error fstream_stack /usr/local/lib/node_modules/npm/node_modules/mkdirp/index.js:37:53
965 error fstream_stack Object.oncomplete (fs.js:107:15)
966 verbose exit [ 3, true ]
